<?xml version="1.0" encoding="UTF-8"?>
<!-- Generated by org.testng.reporters.JUnitReportReporter -->
<testsuite hostname="VSP-1JP5V93" failures="0" tests="1" name="cucumberOptions.TestNGTestRunner" time="0.044" errors="0" timestamp="2023-09-29T12:40:25 IST" skipped="0">
  <testcase classname="cucumberOptions.TestNGTestRunner" name="runScenario" time="0.044"/>
</testsuite> <!-- cucumberOptions.TestNGTestRunner -->
